#
# There is insufficient memory for the Java Runtime Environment to continue.
# Native memory allocation (malloc) failed to allocate 32744 bytes for ChunkPool::allocate
# Possible reasons:
#   The system is out of physical RAM or swap space
#   The process is running with CompressedOops enabled, and the Java Heap may be blocking the growth of the native heap
# Possible solutions:
#   Reduce memory load on the system
#   Increase physical memory or swap space
#   Check if swap backing store is full
#   Decrease Java heap size (-Xmx/-Xms)
#   Decrease number of Java threads
#   Decrease Java thread stack sizes (-Xss)
#   Set larger code cache with -XX:ReservedCodeCacheSize=
#   JVM is running with Unscaled Compressed Oops mode in which the Java heap is
#     placed in the first 4GB address space. The Java Heap base address is the
#     maximum limit for the native heap growth. Please use -XX:HeapBaseMinAddress
#     to set the Java Heap base and to place the Java Heap above 4GB virtual address.
# This output file may be truncated or incomplete.
#
#  Out of Memory Error (./open/src/hotspot/share/memory/arena.cpp:79), pid=11896, tid=8196
#
# JRE version: Java(TM) SE Runtime Environment (14.0.1+7) (build 14.0.1+7)
# Java VM: Java HotSpot(TM) 64-Bit Server VM (14.0.1+7, mixed mode, sharing, tiered, compressed oops, g1 gc, windows-amd64)
# No core dump will be written. Minidumps are not enabled by default on client versions of Windows
#

---------------  S U M M A R Y ------------

Command Line: -javaagent:C:\Program Files\JetBrains\IntelliJ IDEA 2020.2.2\lib\idea_rt.jar=53219:C:\Program Files\JetBrains\IntelliJ IDEA 2020.2.2\bin -Dfile.encoding=UTF-8 gui.Main

Host: Intel(R) Core(TM) i5-7360U CPU @ 2.30GHz, 4 cores, 7G,  Windows 10 , 64 bit Build 19041 (10.0.19041.928)
Time: Mon May 10 15:05:32 2021 Hora de Verão de GMT elapsed time: 0 seconds (0d 0h 0m 0s)

---------------  T H R E A D  ---------------

Current thread (0x000001f3dc5aa800):  JavaThread "C2 CompilerThread0" daemon [_thread_in_native, id=8196, stack(0x000000167c000000,0x000000167c100000)]


Current CompileTask:
C2:    106  116       4       java.lang.String::hashCode (60 bytes)

Stack: [0x000000167c000000,0x000000167c100000]
Native frames: (J=compiled Java code, j=interpreted, Vv=VM code, C=native code)
V  [jvm.dll+0x5f840a]
V  [jvm.dll+0x741e4a]
V  [jvm.dll+0x7435ff]
V  [jvm.dll+0x743c43]
V  [jvm.dll+0x20d288]
V  [jvm.dll+0xabea6]
V  [jvm.dll+0xabc7d]
V  [jvm.dll+0x5d934b]
V  [jvm.dll+0x62153e]
V  [jvm.dll+0x18cecc]
V  [jvm.dll+0x1e5efa]
V  [jvm.dll+0x1e50b8]
V  [jvm.dll+0x1779cc]
V  [jvm.dll+0x1f4105]
V  [jvm.dll+0x1f22eb]
V  [jvm.dll+0x706a9d]
V  [jvm.dll+0x6ff8ba]
V  [jvm.dll+0x5f72c6]
C  [ucrtbase.dll+0x21bb2]
C  [KERNEL32.DLL+0x17034]
C  [ntdll.dll+0x52651]


---------------  P R O C E S S  ---------------

Threads class SMR info:
_java_thread_list=0x000001f3dcfc0160, length=11, elements={
0x000001f3bde3f800, 0x000001f3dc57f000, 0x000001f3dc582800, 0x000001f3dc59e800,
0x000001f3dc5a0800, 0x000001f3dc5a1800, 0x000001f3dc5aa800, 0x000001f3dc5b0000,
0x000001f3dc5bd800, 0x000001f3dcfe9800, 0x000001f3dd00b800
}

Java Threads: ( => current thread )
  0x000001f3bde3f800 JavaThread "main" [_thread_in_vm, id=7880, stack(0x000000167b300000,0x000000167b400000)]
  0x000001f3dc57f000 JavaThread "Reference Handler" daemon [_thread_blocked, id=11584, stack(0x000000167ba00000,0x000000167bb00000)]
  0x000001f3dc582800 JavaThread "Finalizer" daemon [_thread_blocked, id=12776, stack(0x000000167bb00000,0x000000167bc00000)]
  0x000001f3dc59e800 JavaThread "Signal Dispatcher" daemon [_thread_blocked, id=11388, stack(0x000000167bd00000,0x000000167be00000)]
  0x000001f3dc5a0800 JavaThread "Attach Listener" daemon [_thread_blocked, id=9560, stack(0x000000167be00000,0x000000167bf00000)]
  0x000001f3dc5a1800 JavaThread "Service Thread" daemon [_thread_blocked, id=8568, stack(0x000000167bf00000,0x000000167c000000)]
=>0x000001f3dc5aa800 JavaThread "C2 CompilerThread0" daemon [_thread_in_native, id=8196, stack(0x000000167c000000,0x000000167c100000)]
  0x000001f3dc5b0000 JavaThread "C1 CompilerThread0" daemon [_thread_blocked, id=9148, stack(0x000000167c100000,0x000000167c200000)]
  0x000001f3dc5bd800 JavaThread "Sweeper thread" daemon [_thread_blocked, id=12740, stack(0x000000167c200000,0x000000167c300000)]
  0x000001f3dcfe9800 JavaThread "Common-Cleaner" daemon [_thread_blocked, id=6336, stack(0x000000167c300000,0x000000167c400000)]
  0x000001f3dd00b800 JavaThread "C2 CompilerThread1" daemon [_thread_in_native, id=12088, stack(0x000000167c400000,0x000000167c500000)]

Other Threads:
  0x000001f3dc57e800 VMThread "VM Thread" [stack: 0x000000167b900000,0x000000167ba00000] [id=3368]
  0x000001f3bde83000 GCTaskThread "GC Thread#0" [stack: 0x000000167b400000,0x000000167b500000] [id=10792]
  0x000001f3bde94000 ConcurrentGCThread "G1 Main Marker" [stack: 0x000000167b500000,0x000000167b600000] [id=5912]
  0x000001f3bde97000 ConcurrentGCThread "G1 Conc#0" [stack: 0x000000167b600000,0x000000167b700000] [id=13668]
  0x000001f3bdf15800 ConcurrentGCThread "G1 Refine#0" [stack: 0x000000167b700000,0x000000167b800000] [id=6876]
  0x000001f3dc400800 ConcurrentGCThread "G1 Young RemSet Sampling" [stack: 0x000000167b800000,0x000000167b900000] [id=6260]

Threads with active compile tasks:
C2 CompilerThread0      137  116       4       java.lang.String::hashCode (60 bytes)
C2 CompilerThread1      137  162       4       java.util.HashMap::putVal (300 bytes)

VM state:not at safepoint (normal execution)

VM Mutex/Monitor currently owned by a thread: None

Heap address: 0x0000000082000000, size: 2016 MB, Compressed Oops mode: 32-bit
Narrow klass base: 0x0000000800000000, Narrow klass shift: 3
Compressed class space size: 1073741824 Address: 0x0000000800b30000

Heap:
 garbage-first heap   total 129024K, used 1024K [0x0000000082000000, 0x0000000100000000)
  region size 1024K, 2 young (2048K), 0 survivors (0K)
 Metaspace       used 374K, capacity 4515K, committed 4864K, reserved 1056768K
  class space    used 32K, capacity 398K, committed 512K, reserved 1048576K
Heap Regions: E=young(eden), S=young(survivor), O=old, HS=humongous(starts), HC=humongous(continues), CS=collection set, F=free, OA=open archive, CA=closed archive, TAMS=top-at-mark-start (previous, next)
|   0|0x0000000082000000, 0x0000000082000000, 0x0000000082100000|  0%| F|  |TAMS 0x0000000082000000, 0x0000000082000000| Untracked 
|   1|0x0000000082100000, 0x0000000082100000, 0x0000000082200000|  0%| F|  |TAMS 0x0000000082100000, 0x0000000082100000| Untracked 
|   2|0x0000000082200000, 0x0000000082200000, 0x0000000082300000|  0%| F|  |TAMS 0x0000000082200000, 0x0000000082200000| Untracked 
|   3|0x0000000082300000, 0x0000000082300000, 0x0000000082400000|  0%| F|  |TAMS 0x0000000082300000, 0x0000000082300000| Untracked 
|   4|0x0000000082400000, 0x0000000082400000, 0x0000000082500000|  0%| F|  |TAMS 0x0000000082400000, 0x0000000082400000| Untracked 
|   5|0x0000000082500000, 0x0000000082500000, 0x0000000082600000|  0%| F|  |TAMS 0x0000000082500000, 0x0000000082500000| Untracked 
|   6|0x0000000082600000, 0x0000000082600000, 0x0000000082700000|  0%| F|  |TAMS 0x0000000082600000, 0x0000000082600000| Untracked 
|   7|0x0000000082700000, 0x0000000082700000, 0x0000000082800000|  0%| F|  |TAMS 0x0000000082700000, 0x0000000082700000| Untracked 
|   8|0x0000000082800000, 0x0000000082800000, 0x0000000082900000|  0%| F|  |TAMS 0x0000000082800000, 0x0000000082800000| Untracked 
|   9|0x0000000082900000, 0x0000000082900000, 0x0000000082a00000|  0%| F|  |TAMS 0x0000000082900000, 0x0000000082900000| Untracked 
|  10|0x0000000082a00000, 0x0000000082a00000, 0x0000000082b00000|  0%| F|  |TAMS 0x0000000082a00000, 0x0000000082a00000| Untracked 
|  11|0x0000000082b00000, 0x0000000082b00000, 0x0000000082c00000|  0%| F|  |TAMS 0x0000000082b00000, 0x0000000082b00000| Untracked 
|  12|0x0000000082c00000, 0x0000000082c00000, 0x0000000082d00000|  0%| F|  |TAMS 0x0000000082c00000, 0x0000000082c00000| Untracked 
|  13|0x0000000082d00000, 0x0000000082d00000, 0x0000000082e00000|  0%| F|  |TAMS 0x0000000082d00000, 0x0000000082d00000| Untracked 
|  14|0x0000000082e00000, 0x0000000082e00000, 0x0000000082f00000|  0%| F|  |TAMS 0x0000000082e00000, 0x0000000082e00000| Untracked 
|  15|0x0000000082f00000, 0x0000000082f00000, 0x0000000083000000|  0%| F|  |TAMS 0x0000000082f00000, 0x0000000082f00000| Untracked 
|  16|0x0000000083000000, 0x0000000083000000, 0x0000000083100000|  0%| F|  |TAMS 0x0000000083000000, 0x0000000083000000| Untracked 
|  17|0x0000000083100000, 0x0000000083100000, 0x0000000083200000|  0%| F|  |TAMS 0x0000000083100000, 0x0000000083100000| Untracked 
|  18|0x0000000083200000, 0x0000000083200000, 0x0000000083300000|  0%| F|  |TAMS 0x0000000083200000, 0x0000000083200000| Untracked 
|  19|0x0000000083300000, 0x0000000083300000, 0x0000000083400000|  0%| F|  |TAMS 0x0000000083300000, 0x0000000083300000| Untracked 
|  20|0x0000000083400000, 0x0000000083400000, 0x0000000083500000|  0%| F|  |TAMS 0x0000000083400000, 0x0000000083400000| Untracked 
|  21|0x0000000083500000, 0x0000000083500000, 0x0000000083600000|  0%| F|  |TAMS 0x0000000083500000, 0x0000000083500000| Untracked 
|  22|0x0000000083600000, 0x0000000083600000, 0x0000000083700000|  0%| F|  |TAMS 0x0000000083600000, 0x0000000083600000| Untracked 
|  23|0x0000000083700000, 0x0000000083700000, 0x0000000083800000|  0%| F|  |TAMS 0x0000000083700000, 0x0000000083700000| Untracked 
|  24|0x0000000083800000, 0x0000000083800000, 0x0000000083900000|  0%| F|  |TAMS 0x0000000083800000, 0x0000000083800000| Untracked 
|  25|0x0000000083900000, 0x0000000083900000, 0x0000000083a00000|  0%| F|  |TAMS 0x0000000083900000, 0x0000000083900000| Untracked 
|  26|0x0000000083a00000, 0x0000000083a00000, 0x0000000083b00000|  0%| F|  |TAMS 0x0000000083a00000, 0x0000000083a00000| Untracked 
|  27|0x0000000083b00000, 0x0000000083b00000, 0x0000000083c00000|  0%| F|  |TAMS 0x0000000083b00000, 0x0000000083b00000| Untracked 
|  28|0x0000000083c00000, 0x0000000083c00000, 0x0000000083d00000|  0%| F|  |TAMS 0x0000000083c00000, 0x0000000083c00000| Untracked 
|  29|0x0000000083d00000, 0x0000000083d00000, 0x0000000083e00000|  0%| F|  |TAMS 0x0000000083d00000, 0x0000000083d00000| Untracked 
|  30|0x0000000083e00000, 0x0000000083e00000, 0x0000000083f00000|  0%| F|  |TAMS 0x0000000083e00000, 0x0000000083e00000| Untracked 
|  31|0x0000000083f00000, 0x0000000083f00000, 0x0000000084000000|  0%| F|  |TAMS 0x0000000083f00000, 0x0000000083f00000| Untracked 
|  32|0x0000000084000000, 0x0000000084000000, 0x0000000084100000|  0%| F|  |TAMS 0x0000000084000000, 0x0000000084000000| Untracked 
|  33|0x0000000084100000, 0x0000000084100000, 0x0000000084200000|  0%| F|  |TAMS 0x0000000084100000, 0x0000000084100000| Untracked 
|  34|0x0000000084200000, 0x0000000084200000, 0x0000000084300000|  0%| F|  |TAMS 0x0000000084200000, 0x0000000084200000| Untracked 
|  35|0x0000000084300000, 0x0000000084300000, 0x0000000084400000|  0%| F|  |TAMS 0x0000000084300000, 0x0000000084300000| Untracked 
|  36|0x0000000084400000, 0x0000000084400000, 0x0000000084500000|  0%| F|  |TAMS 0x0000000084400000, 0x0000000084400000| Untracked 
|  37|0x0000000084500000, 0x0000000084500000, 0x0000000084600000|  0%| F|  |TAMS 0x0000000084500000, 0x0000000084500000| Untracked 
|  38|0x0000000084600000, 0x0000000084600000, 0x0000000084700000|  0%| F|  |TAMS 0x0000000084600000, 0x0000000084600000| Untracked 
|  39|0x0000000084700000, 0x0000000084700000, 0x0000000084800000|  0%| F|  |TAMS 0x0000000084700000, 0x0000000084700000| Untracked 
|  40|0x0000000084800000, 0x0000000084800000, 0x0000000084900000|  0%| F|  |TAMS 0x0000000084800000, 0x0000000084800000| Untracked 
|  41|0x0000000084900000, 0x0000000084900000, 0x0000000084a00000|  0%| F|  |TAMS 0x0000000084900000, 0x0000000084900000| Untracked 
|  42|0x0000000084a00000, 0x0000000084a00000, 0x0000000084b00000|  0%| F|  |TAMS 0x0000000084a00000, 0x0000000084a00000| Untracked 
|  43|0x0000000084b00000, 0x0000000084b00000, 0x0000000084c00000|  0%| F|  |TAMS 0x0000000084b00000, 0x0000000084b00000| Untracked 
|  44|0x0000000084c00000, 0x0000000084c00000, 0x0000000084d00000|  0%| F|  |TAMS 0x0000000084c00000, 0x0000000084c00000| Untracked 
|  45|0x0000000084d00000, 0x0000000084d00000, 0x0000000084e00000|  0%| F|  |TAMS 0x0000000084d00000, 0x0000000084d00000| Untracked 
|  46|0x0000000084e00000, 0x0000000084e00000, 0x0000000084f00000|  0%| F|  |TAMS 0x0000000084e00000, 0x0000000084e00000| Untracked 
|  47|0x0000000084f00000, 0x0000000084f00000, 0x0000000085000000|  0%| F|  |TAMS 0x0000000084f00000, 0x0000000084f00000| Untracked 
|  48|0x0000000085000000, 0x0000000085000000, 0x0000000085100000|  0%| F|  |TAMS 0x0000000085000000, 0x0000000085000000| Untracked 
|  49|0x0000000085100000, 0x0000000085100000, 0x0000000085200000|  0%| F|  |TAMS 0x0000000085100000, 0x0000000085100000| Untracked 
|  50|0x0000000085200000, 0x0000000085200000, 0x0000000085300000|  0%| F|  |TAMS 0x0000000085200000, 0x0000000085200000| Untracked 
|  51|0x0000000085300000, 0x0000000085300000, 0x0000000085400000|  0%| F|  |TAMS 0x0000000085300000, 0x0000000085300000| Untracked 
|  52|0x0000000085400000, 0x0000000085400000, 0x0000000085500000|  0%| F|  |TAMS 0x0000000085400000, 0x0000000085400000| Untracked 
|  53|0x0000000085500000, 0x0000000085500000, 0x0000000085600000|  0%| F|  |TAMS 0x0000000085500000, 0x0000000085500000| Untracked 
|  54|0x0000000085600000, 0x0000000085600000, 0x0000000085700000|  0%| F|  |TAMS 0x0000000085600000, 0x0000000085600000| Untracked 
|  55|0x0000000085700000, 0x0000000085700000, 0x0000000085800000|  0%| F|  |TAMS 0x0000000085700000, 0x0000000085700000| Untracked 
|  56|0x0000000085800000, 0x0000000085800000, 0x0000000085900000|  0%| F|  |TAMS 0x0000000085800000, 0x0000000085800000| Untracked 
|  57|0x0000000085900000, 0x0000000085900000, 0x0000000085a00000|  0%| F|  |TAMS 0x0000000085900000, 0x0000000085900000| Untracked 
|  58|0x0000000085a00000, 0x0000000085a00000, 0x0000000085b00000|  0%| F|  |TAMS 0x0000000085a00000, 0x0000000085a00000| Untracked 
|  59|0x0000000085b00000, 0x0000000085b00000, 0x0000000085c00000|  0%| F|  |TAMS 0x0000000085b00000, 0x0000000085b00000| Untracked 
|  60|0x0000000085c00000, 0x0000000085c00000, 0x0000000085d00000|  0%| F|  |TAMS 0x0000000085c00000, 0x0000000085c00000| Untracked 
|  61|0x0000000085d00000, 0x0000000085d00000, 0x0000000085e00000|  0%| F|  |TAMS 0x0000000085d00000, 0x0000000085d00000| Untracked 
|  62|0x0000000085e00000, 0x0000000085e00000, 0x0000000085f00000|  0%| F|  |TAMS 0x0000000085e00000, 0x0000000085e00000| Untracked 
|  63|0x0000000085f00000, 0x0000000085f00000, 0x0000000086000000|  0%| F|  |TAMS 0x0000000085f00000, 0x0000000085f00000| Untracked 
|  64|0x0000000086000000, 0x0000000086000000, 0x0000000086100000|  0%| F|  |TAMS 0x0000000086000000, 0x0000000086000000| Untracked 
|  65|0x0000000086100000, 0x0000000086100000, 0x0000000086200000|  0%| F|  |TAMS 0x0000000086100000, 0x0000000086100000| Untracked 
|  66|0x0000000086200000, 0x0000000086200000, 0x0000000086300000|  0%| F|  |TAMS 0x0000000086200000, 0x0000000086200000| Untracked 
|  67|0x0000000086300000, 0x0000000086300000, 0x0000000086400000|  0%| F|  |TAMS 0x0000000086300000, 0x0000000086300000| Untracked 
|  68|0x0000000086400000, 0x0000000086400000, 0x0000000086500000|  0%| F|  |TAMS 0x0000000086400000, 0x0000000086400000| Untracked 
|  69|0x0000000086500000, 0x0000000086500000, 0x0000000086600000|  0%| F|  |TAMS 0x0000000086500000, 0x0000000086500000| Untracked 
|  70|0x0000000086600000, 0x0000000086600000, 0x0000000086700000|  0%| F|  |TAMS 0x0000000086600000, 0x0000000086600000| Untracked 
|  71|0x0000000086700000, 0x0000000086700000, 0x0000000086800000|  0%| F|  |TAMS 0x0000000086700000, 0x0000000086700000| Untracked 
|  72|0x0000000086800000, 0x0000000086800000, 0x0000000086900000|  0%| F|  |TAMS 0x0000000086800000, 0x0000000086800000| Untracked 
|  73|0x0000000086900000, 0x0000000086900000, 0x0000000086a00000|  0%| F|  |TAMS 0x0000000086900000, 0x0000000086900000| Untracked 
|  74|0x0000000086a00000, 0x0000000086a00000, 0x0000000086b00000|  0%| F|  |TAMS 0x0000000086a00000, 0x0000000086a00000| Untracked 
|  75|0x0000000086b00000, 0x0000000086b00000, 0x0000000086c00000|  0%| F|  |TAMS 0x0000000086b00000, 0x0000000086b00000| Untracked 
|  76|0x0000000086c00000, 0x0000000086c00000, 0x0000000086d00000|  0%| F|  |TAMS 0x0000000086c00000, 0x0000000086c00000| Untracked 
|  77|0x0000000086d00000, 0x0000000086d00000, 0x0000000086e00000|  0%| F|  |TAMS 0x0000000086d00000, 0x0000000086d00000| Untracked 
|  78|0x0000000086e00000, 0x0000000086e00000, 0x0000000086f00000|  0%| F|  |TAMS 0x0000000086e00000, 0x0000000086e00000| Untracked 
|  79|0x0000000086f00000, 0x0000000086f00000, 0x0000000087000000|  0%| F|  |TAMS 0x0000000086f00000, 0x0000000086f00000| Untracked 
|  80|0x0000000087000000, 0x0000000087000000, 0x0000000087100000|  0%| F|  |TAMS 0x0000000087000000, 0x0000000087000000| Untracked 
|  81|0x0000000087100000, 0x0000000087100000, 0x0000000087200000|  0%| F|  |TAMS 0x0000000087100000, 0x0000000087100000| Untracked 
|  82|0x0000000087200000, 0x0000000087200000, 0x0000000087300000|  0%| F|  |TAMS 0x0000000087200000, 0x0000000087200000| Untracked 
|  83|0x0000000087300000, 0x0000000087300000, 0x0000000087400000|  0%| F|  |TAMS 0x0000000087300000, 0x0000000087300000| Untracked 
|  84|0x0000000087400000, 0x0000000087400000, 0x0000000087500000|  0%| F|  |TAMS 0x0000000087400000, 0x0000000087400000| Untracked 
|  85|0x0000000087500000, 0x0000000087500000, 0x0000000087600000|  0%| F|  |TAMS 0x0000000087500000, 0x0000000087500000| Untracked 
|  86|0x0000000087600000, 0x0000000087600000, 0x0000000087700000|  0%| F|  |TAMS 0x0000000087600000, 0x0000000087600000| Untracked 
|  87|0x0000000087700000, 0x0000000087700000, 0x0000000087800000|  0%| F|  |TAMS 0x0000000087700000, 0x0000000087700000| Untracked 
|  88|0x0000000087800000, 0x0000000087800000, 0x0000000087900000|  0%| F|  |TAMS 0x0000000087800000, 0x0000000087800000| Untracked 
|  89|0x0000000087900000, 0x0000000087900000, 0x0000000087a00000|  0%| F|  |TAMS 0x0000000087900000, 0x0000000087900000| Untracked 
|  90|0x0000000087a00000, 0x0000000087a00000, 0x0000000087b00000|  0%| F|  |TAMS 0x0000000087a00000, 0x0000000087a00000| Untracked 
|  91|0x0000000087b00000, 0x0000000087b00000, 0x0000000087c00000|  0%| F|  |TAMS 0x0000000087b00000, 0x0000000087b00000| Untracked 
|  92|0x0000000087c00000, 0x0000000087c00000, 0x0000000087d00000|  0%| F|  |TAMS 0x0000000087c00000, 0x0000000087c00000| Untracked 
|  93|0x0000000087d00000, 0x0000000087d00000, 0x0000000087e00000|  0%| F|  |TAMS 0x0000000087d00000, 0x0000000087d00000| Untracked 
|  94|0x0000000087e00000, 0x0000000087e00000, 0x0000000087f00000|  0%| F|  |TAMS 0x0000000087e00000, 0x0000000087e00000| Untracked 
|  95|0x0000000087f00000, 0x0000000087f00000, 0x0000000088000000|  0%| F|  |TAMS 0x0000000087f00000, 0x0000000087f00000| Untracked 
|  96|0x0000000088000000, 0x0000000088000000, 0x0000000088100000|  0%| F|  |TAMS 0x0000000088000000, 0x0000000088000000| Untracked 
|  97|0x0000000088100000, 0x0000000088100000, 0x0000000088200000|  0%| F|  |TAMS 0x0000000088100000, 0x0000000088100000| Untracked 
|  98|0x0000000088200000, 0x0000000088200000, 0x0000000088300000|  0%| F|  |TAMS 0x0000000088200000, 0x0000000088200000| Untracked 
|  99|0x0000000088300000, 0x0000000088300000, 0x0000000088400000|  0%| F|  |TAMS 0x0000000088300000, 0x0000000088300000| Untracked 
| 100|0x0000000088400000, 0x0000000088400000, 0x0000000088500000|  0%| F|  |TAMS 0x0000000088400000, 0x0000000088400000| Untracked 
| 101|0x0000000088500000, 0x0000000088500000, 0x0000000088600000|  0%| F|  |TAMS 0x0000000088500000, 0x0000000088500000| Untracked 
| 102|0x0000000088600000, 0x0000000088600000, 0x0000000088700000|  0%| F|  |TAMS 0x0000000088600000, 0x0000000088600000| Untracked 
| 103|0x0000000088700000, 0x0000000088700000, 0x0000000088800000|  0%| F|  |TAMS 0x0000000088700000, 0x0000000088700000| Untracked 
| 104|0x0000000088800000, 0x0000000088800000, 0x0000000088900000|  0%| F|  |TAMS 0x0000000088800000, 0x0000000088800000| Untracked 
| 105|0x0000000088900000, 0x0000000088900000, 0x0000000088a00000|  0%| F|  |TAMS 0x0000000088900000, 0x0000000088900000| Untracked 
| 106|0x0000000088a00000, 0x0000000088a00000, 0x0000000088b00000|  0%| F|  |TAMS 0x0000000088a00000, 0x0000000088a00000| Untracked 
| 107|0x0000000088b00000, 0x0000000088b00000, 0x0000000088c00000|  0%| F|  |TAMS 0x0000000088b00000, 0x0000000088b00000| Untracked 
| 108|0x0000000088c00000, 0x0000000088c00000, 0x0000000088d00000|  0%| F|  |TAMS 0x0000000088c00000, 0x0000000088c00000| Untracked 
| 109|0x0000000088d00000, 0x0000000088d00000, 0x0000000088e00000|  0%| F|  |TAMS 0x0000000088d00000, 0x0000000088d00000| Untracked 
| 110|0x0000000088e00000, 0x0000000088e00000, 0x0000000088f00000|  0%| F|  |TAMS 0x0000000088e00000, 0x0000000088e00000| Untracked 
| 111|0x0000000088f00000, 0x0000000088f00000, 0x0000000089000000|  0%| F|  |TAMS 0x0000000088f00000, 0x0000000088f00000| Untracked 
| 112|0x0000000089000000, 0x0000000089000000, 0x0000000089100000|  0%| F|  |TAMS 0x0000000089000000, 0x0000000089000000| Untracked 
| 113|0x0000000089100000, 0x0000000089100000, 0x0000000089200000|  0%| F|  |TAMS 0x0000000089100000, 0x0000000089100000| Untracked 
| 114|0x0000000089200000, 0x0000000089200000, 0x0000000089300000|  0%| F|  |TAMS 0x0000000089200000, 0x0000000089200000| Untracked 
| 115|0x0000000089300000, 0x0000000089300000, 0x0000000089400000|  0%| F|  |TAMS 0x0000000089300000, 0x0000000089300000| Untracked 
| 116|0x0000000089400000, 0x0000000089400000, 0x0000000089500000|  0%| F|  |TAMS 0x0000000089400000, 0x0000000089400000| Untracked 
| 117|0x0000000089500000, 0x0000000089500000, 0x0000000089600000|  0%| F|  |TAMS 0x0000000089500000, 0x0000000089500000| Untracked 
| 118|0x0000000089600000, 0x0000000089600000, 0x0000000089700000|  0%| F|  |TAMS 0x0000000089600000, 0x0000000089600000| Untracked 
| 119|0x0000000089700000, 0x0000000089700000, 0x0000000089800000|  0%| F|  |TAMS 0x0000000089700000, 0x0000000089700000| Untracked 
| 120|0x0000000089800000, 0x0000000089800000, 0x0000000089900000|  0%| F|  |TAMS 0x0000000089800000, 0x0000000089800000| Untracked 
| 121|0x0000000089900000, 0x0000000089900000, 0x0000000089a00000|  0%| F|  |TAMS 0x0000000089900000, 0x0000000089900000| Untracked 
| 122|0x0000000089a00000, 0x0000000089a00000, 0x0000000089b00000|  0%| F|  |TAMS 0x0000000089a00000, 0x0000000089a00000| Untracked 
| 123|0x0000000089b00000, 0x0000000089b00000, 0x0000000089c00000|  0%| F|  |TAMS 0x0000000089b00000, 0x0000000089b00000| Untracked 
| 124|0x0000000089c00000, 0x0000000089c85c00, 0x0000000089d00000| 52%| E|  |TAMS 0x0000000089c00000, 0x0000000089c00000| Complete 
| 125|0x0000000089d00000, 0x0000000089e00000, 0x0000000089e00000|100%| E|CS|TAMS 0x0000000089d00000, 0x0000000089d00000| Complete 

Card table byte_map: [0x000001f3d59e0000,0x000001f3d5dd0000] _byte_map_base: 0x000001f3d55d0000

Marking Bits (Prev, Next): (CMBitMap*) 0x000001f3bde838a8, (CMBitMap*) 0x000001f3bde838e8
 Prev Bits: [0x000001f3d61c0000, 0x000001f3d8140000)
 Next Bits: [0x000001f3d8140000, 0x000001f3da0c0000)

Polling page: 0x000001f3bbc80000

Metaspace:

Usage:
  Non-class:      4.02 MB capacity,   377.48 KB (  9%) used,     3.65 MB ( 91%) free+waste,     1.38 KB ( <1%) overhead. 
      Class:    398.00 KB capacity,    36.04 KB (  9%) used,   361.02 KB ( 91%) free+waste,   960 bytes ( <1%) overhead. 
       Both:      4.41 MB capacity,   413.52 KB (  9%) used,     4.00 MB ( 91%) free+waste,     2.31 KB ( <1%) overhead. 

Virtual space:
  Non-class space:        8.00 MB reserved,       4.25 MB ( 53%) committed 
      Class space:        1.00 GB reserved,     512.00 KB ( <1%) committed 
             Both:        1.01 GB reserved,       4.75 MB ( <1%) committed 

Chunk freelists:
   Non-Class:  0 bytes
       Class:  0 bytes
        Both:  0 bytes

MaxMetaspaceSize: 17179869184.00 GB
CompressedClassSpaceSize: 1.00 GB

CodeHeap 'non-profiled nmethods': size=120000Kb used=53Kb max_used=53Kb free=119946Kb
 bounds [0x000001f3ce0c0000, 0x000001f3ce330000, 0x000001f3d55f0000]
CodeHeap 'profiled nmethods': size=120000Kb used=205Kb max_used=205Kb free=119794Kb
 bounds [0x000001f3c6b90000, 0x000001f3c6e00000, 0x000001f3ce0c0000]
CodeHeap 'non-nmethods': size=5760Kb used=1085Kb max_used=1101Kb free=4675Kb
 bounds [0x000001f3c65f0000, 0x000001f3c6860000, 0x000001f3c6b90000]
 total_blobs=807 nmethods=172 adapters=228
 compilation: enabled
              stopped_count=0, restarted_count=0
 full_count=0

Compilation events (20 events):
Event: 0.101 Thread 0x000001f3dc5b0000 nmethod 114 0x000001f3ce0c6e10 code [0x000001f3ce0c6fa0, 0x000001f3ce0c7078]
Event: 0.101 Thread 0x000001f3dc5b0000  112       1       java.util.ImmutableCollections$Set12::isEmpty (2 bytes)
Event: 0.101 Thread 0x000001f3dc5b0000 nmethod 112 0x000001f3ce0c7110 code [0x000001f3ce0c72a0, 0x000001f3ce0c7378]
Event: 0.101 Thread 0x000001f3dc5b0000  113       1       java.lang.module.ModuleDescriptor$Exports::targets (5 bytes)
Event: 0.101 Thread 0x000001f3dc5b0000 nmethod 113 0x000001f3ce0c7410 code [0x000001f3ce0c75a0, 0x000001f3ce0c7678]
Event: 0.101 Thread 0x000001f3dc5b0000  105       3       java.lang.module.ModuleDescriptor::hashCode (170 bytes)
Event: 0.102 Thread 0x000001f3dc5b0000 nmethod 105 0x000001f3c6bb3610 code [0x000001f3c6bb38a0, 0x000001f3c6bb45a8]
Event: 0.102 Thread 0x000001f3dc5b0000  117       3       java.util.ImmutableCollections$SetN::isEmpty (13 bytes)
Event: 0.102 Thread 0x000001f3dc5b0000 nmethod 117 0x000001f3c6bb4990 code [0x000001f3c6bb4b20, 0x000001f3c6bb4c98]
Event: 0.102 Thread 0x000001f3dc5b0000  109       1       java.lang.module.ModuleDescriptor::requires (5 bytes)
Event: 0.103 Thread 0x000001f3dc5b0000 nmethod 109 0x000001f3ce0c7710 code [0x000001f3ce0c78a0, 0x000001f3ce0c7978]
Event: 0.103 Thread 0x000001f3dc5b0000  104       1       java.util.ImmutableCollections$SetN::size (5 bytes)
Event: 0.103 Thread 0x000001f3dc5b0000 nmethod 104 0x000001f3ce0c7a10 code [0x000001f3ce0c7ba0, 0x000001f3ce0c7c78]
Event: 0.103 Thread 0x000001f3dc5b0000  110       1       java.lang.module.ModuleDescriptor::isAutomatic (5 bytes)
Event: 0.103 Thread 0x000001f3dc5b0000 nmethod 110 0x000001f3ce0c7d10 code [0x000001f3ce0c7ea0, 0x000001f3ce0c7f78]
Event: 0.104 Thread 0x000001f3dc5b0000  118       3       java.util.ImmutableCollections$Set12::size (13 bytes)
Event: 0.104 Thread 0x000001f3dc5b0000 nmethod 118 0x000001f3c6bb4d10 code [0x000001f3c6bb4ea0, 0x000001f3c6bb5038]
Event: 0.104 Thread 0x000001f3dc5b0000  119       3       java.util.HashMap::putIfAbsent (13 bytes)
Event: 0.104 Thread 0x000001f3dc5b0000 nmethod 119 0x000001f3c6bb5110 code [0x000001f3c6bb52c0, 0x000001f3c6bb55d8]
Event: 0.104 Thread 0x000001f3dc5b0000  120       3       java.util.HashMap::resize (356 bytes)

GC Heap History (0 events):
No events

Deoptimization events (0 events):
No events

Classes unloaded (0 events):
No events

Classes redefined (0 events):
No events

Internal exceptions (0 events):
No events

Events (20 events):
Event: 0.071 loading class java/lang/Module$ReflectionData done
Event: 0.071 loading class java/lang/WeakPairMap
Event: 0.071 loading class java/lang/WeakPairMap done
Event: 0.071 loading class java/lang/WeakPairMap$Pair
Event: 0.071 loading class java/lang/WeakPairMap$Pair done
Event: 0.071 loading class java/lang/WeakPairMap$Pair$Lookup
Event: 0.071 loading class java/lang/WeakPairMap$Pair$Lookup done
Event: 0.081 Thread 0x000001f3dcfe9800 Thread added: 0x000001f3dcfe9800
Event: 0.081 Executing VM operation: HandshakeOneThread
Event: 0.081 Executing VM operation: HandshakeOneThread done
Event: 0.085 loading class java/lang/invoke/DirectMethodHandle$Interface
Event: 0.085 loading class java/lang/invoke/DirectMethodHandle$Interface done
Event: 0.093 loading class java/lang/module/Resolver
Event: 0.093 loading class java/lang/module/Resolver done
Event: 0.093 loading class java/lang/module/ModuleFinder$1
Event: 0.093 loading class java/lang/module/ModuleFinder$1 done
Event: 0.098 loading class java/util/LinkedHashSet
Event: 0.098 loading class java/util/LinkedHashSet done
Event: 0.098 Executing VM operation: HandshakeAllThreads
Event: 0.098 Executing VM operation: HandshakeAllThreads done


Dynamic libraries:
0x00007ff6e0050000 - 0x00007ff6e005f000 	C:\Program Files\Java\jdk-14.0.1\bin\java.exe
0x00007ffe61b90000 - 0x00007ffe61d85000 	C:\Windows\SYSTEM32\ntdll.dll
0x00007ffe60130000 - 0x00007ffe601ed000 	C:\Windows\System32\KERNEL32.DLL
0x00007ffe5f420000 - 0x00007ffe5f6e8000 	C:\Windows\System32\KERNELBASE.dll
0x00007ffe5f2d0000 - 0x00007ffe5f3d0000 	C:\Windows\System32\ucrtbase.dll
0x00007ffe59e70000 - 0x00007ffe59e85000 	C:\Program Files\Java\jdk-14.0.1\bin\VCRUNTIME140.dll
0x00007ffe59cf0000 - 0x00007ffe59d08000 	C:\Program Files\Java\jdk-14.0.1\bin\jli.dll
0x00007ffe60cb0000 - 0x00007ffe60d5c000 	C:\Windows\System32\ADVAPI32.dll
0x00007ffe60c10000 - 0x00007ffe60cae000 	C:\Windows\System32\msvcrt.dll
0x00007ffe610c0000 - 0x00007ffe6115b000 	C:\Windows\System32\sechost.dll
0x00007ffe60dd0000 - 0x00007ffe60efb000 	C:\Windows\System32\RPCRT4.dll
0x00007ffe601f0000 - 0x00007ffe60390000 	C:\Windows\System32\USER32.dll
0x00007ffe5fa00000 - 0x00007ffe5fa22000 	C:\Windows\System32\win32u.dll
0x00007ffe5fbf0000 - 0x00007ffe5fc1a000 	C:\Windows\System32\GDI32.dll
0x00007ffe5fae0000 - 0x00007ffe5fbeb000 	C:\Windows\System32\gdi32full.dll
0x00007ffe5f960000 - 0x00007ffe5f9fd000 	C:\Windows\System32\msvcp_win.dll
0x00007ffe4c3a0000 - 0x00007ffe4c63a000 	C:\Windows\WinSxS\amd64_microsoft.windows.common-controls_6595b64144ccf1df_6.0.19041.844_none_ca00b6081b84eb1d\COMCTL32.dll
0x00007ffe585a0000 - 0x00007ffe585aa000 	C:\Windows\SYSTEM32\VERSION.dll
0x00007ffe600a0000 - 0x00007ffe600d0000 	C:\Windows\System32\IMM32.DLL
0x00007ffe59650000 - 0x00007ffe596eb000 	C:\Program Files\Java\jdk-14.0.1\bin\msvcp140.dll
0x00007ffe2f440000 - 0x00007ffe2ff5e000 	C:\Program Files\Java\jdk-14.0.1\bin\server\jvm.dll
0x00007ffe5fd30000 - 0x00007ffe5fd38000 	C:\Windows\System32\PSAPI.DLL
0x00007ffe5a500000 - 0x00007ffe5a509000 	C:\Windows\SYSTEM32\WSOCK32.dll
0x00007ffe60d60000 - 0x00007ffe60dcb000 	C:\Windows\System32\WS2_32.dll
0x00007ffe3d140000 - 0x00007ffe3d167000 	C:\Windows\SYSTEM32\WINMM.dll
0x00007ffe5dbf0000 - 0x00007ffe5dc02000 	C:\Windows\SYSTEM32\kernel.appcore.dll
0x00007ffe59ce0000 - 0x00007ffe59cea000 	C:\Program Files\Java\jdk-14.0.1\bin\jimage.dll
0x00007ffe45580000 - 0x00007ffe45764000 	C:\Windows\SYSTEM32\DBGHELP.DLL
0x00007ffe46f00000 - 0x00007ffe46f2c000 	C:\Windows\SYSTEM32\dbgcore.DLL
0x00007ffe5fa60000 - 0x00007ffe5fae0000 	C:\Windows\System32\bcryptPrimitives.dll
0x00007ffe59cd0000 - 0x00007ffe59cde000 	C:\Program Files\Java\jdk-14.0.1\bin\instrument.dll
0x00007ffe59c70000 - 0x00007ffe59c95000 	C:\Program Files\Java\jdk-14.0.1\bin\java.dll
0x00007ffe5f190000 - 0x00007ffe5f1c1000 	C:\Windows\SYSTEM32\SspiCli.dll
0x00007ffe59c50000 - 0x00007ffe59c66000 	C:\Program Files\Java\jdk-14.0.1\bin\zip.dll
0x00007ffe60390000 - 0x00007ffe60ad2000 	C:\Windows\System32\SHELL32.dll
0x00007ffe5d2d0000 - 0x00007ffe5da61000 	C:\Windows\SYSTEM32\windows.storage.dll
0x00007ffe5fd40000 - 0x00007ffe60095000 	C:\Windows\System32\combase.dll
0x00007ffe5ed40000 - 0x00007ffe5ed6c000 	C:\Windows\SYSTEM32\Wldp.dll
0x00007ffe619f0000 - 0x00007ffe61a9e000 	C:\Windows\System32\SHCORE.dll
0x00007ffe61290000 - 0x00007ffe612e5000 	C:\Windows\System32\shlwapi.dll
0x00007ffe5f210000 - 0x00007ffe5f22f000 	C:\Windows\SYSTEM32\profapi.dll

dbghelp: loaded successfully - version: 4.0.5 - missing functions: none
symbol engine: initialized successfully - sym options: 0x614 - pdb path: .;C:\Program Files\Java\jdk-14.0.1\bin;C:\Windows\SYSTEM32;C:\Windows\WinSxS\amd64_microsoft.windows.common-controls_6595b64144ccf1df_6.0.19041.844_none_ca00b6081b84eb1d;C:\Program Files\Java\jdk-14.0.1\bin\server

VM Arguments:
jvm_args: -javaagent:C:\Program Files\JetBrains\IntelliJ IDEA 2020.2.2\lib\idea_rt.jar=53219:C:\Program Files\JetBrains\IntelliJ IDEA 2020.2.2\bin -Dfile.encoding=UTF-8 
java_command: gui.Main
java_class_path (initial): C:\Users\Rafael Pereira\Desktop\Escola\InteligenciaArtificial\StockingProblemProject\out\production\StockingProblemProject;C:\Users\Rafael Pereira\Desktop\Escola\InteligenciaArtificial\StockingProblemProject\jcommon-1.0.16.jar;C:\Users\Rafael Pereira\Desktop\Escola\InteligenciaArtificial\StockingProblemProject\jfreechart-1.0.13.jar
Launcher Type: SUN_STANDARD

[Global flags]
     intx CICompilerCount                          = 3                                         {product} {ergonomic}
     uint ConcGCThreads                            = 1                                         {product} {ergonomic}
     uint G1ConcRefinementThreads                  = 4                                         {product} {ergonomic}
   size_t G1HeapRegionSize                         = 1048576                                   {product} {ergonomic}
    uintx GCDrainStackTargetSize                   = 64                                        {product} {ergonomic}
   size_t InitialHeapSize                          = 132120576                                 {product} {ergonomic}
   size_t MarkStackSize                            = 4194304                                   {product} {ergonomic}
   size_t MaxHeapSize                              = 2113929216                                {product} {ergonomic}
   size_t MaxNewSize                               = 1267728384                                {product} {ergonomic}
   size_t MinHeapDeltaBytes                        = 1048576                                   {product} {ergonomic}
   size_t MinHeapSize                              = 8388608                                   {product} {ergonomic}
    uintx NonNMethodCodeHeapSize                   = 5832780                                {pd product} {ergonomic}
    uintx NonProfiledCodeHeapSize                  = 122912730                              {pd product} {ergonomic}
    uintx ProfiledCodeHeapSize                     = 122912730                              {pd product} {ergonomic}
    uintx ReservedCodeCacheSize                    = 251658240                              {pd product} {ergonomic}
     bool SegmentedCodeCache                       = true                                      {product} {ergonomic}
   size_t SoftMaxHeapSize                          = 2113929216                             {manageable} {ergonomic}
     bool UseCompressedClassPointers               = true                                 {lp64_product} {ergonomic}
     bool UseCompressedOops                        = true                                 {lp64_product} {ergonomic}
     bool UseG1GC                                  = true                                      {product} {ergonomic}
     bool UseLargePagesIndividualAllocation        = false                                  {pd product} {ergonomic}

Logging:
Log output configuration:
 #0: stdout all=warning uptime,level,tags
 #1: stderr all=off uptime,level,tags

Environment Variables:
JAVA_HOME=C:\Program Files\AdoptOpenJDK\jdk-8.0.265.01-hotspot\
PATH=C:\Program Files (x86)\VMware\VMware Player\bin\;C:\Program Files\AdoptOpenJDK\jdk-11.0.8.10-hotspot\bin;C:\Program Files\AdoptOpenJDK\jdk-8.0.265.01-hotspot\bin;C:\Program Files (x86)\AdoptOpenJDK\jdk-8.0.265.01-hotspot\bin;C:\Program Files\AdoptOpenJDK\jre-8.0.265.01-hotspot\bin;C:\Program Files\AdoptOpenJDK\jre-11.0.8.10-hotspot\bin;C:\Program Files (x86)\AdoptOpenJDK\jre-8.0.265.01-hotspot\bin;C:\Program Files (x86)\Intel\iCLS Client\;C:\Program Files\Intel\iCLS Client\;C:\Windows\system32;C:\Windows;C:\Windows\System32\Wbem;C:\Windows\System32\WindowsPowerShell\v1.0\;C:\Windows\System32\OpenSSH\;C:\Program Files\dotnet\;C:\laragon\bin\php\php-7.2.19-Win32-VC15-x64;C:\ProgramData\ComposerSetup\bin;C:\Program Files\Microsoft SQL Server\130\Tools\Binn\;C:\Program Files\Microsoft SQL Server\Client SDK\ODBC\170\Tools\Binn\;C:\Program Files\nodejs\;C:\laragon\bin;C:\laragon\bin\apache\httpd-2.4.35-win64-VC15\bin;C:\laragon\bin\composer;C:\laragon\bin\git\bin;C:\laragon\bin\git\cmd;C:\laragon\bin\git\mingw64\bin;C:\laragon\bin\git\usr\bin;C:\laragon\bin\laragon\utils;C:\laragon\bin\mysql\mysql-5.7.24-winx64\bin;C:\laragon\bin\nginx\nginx-1.16.0;C:\laragon\bin\ngrok;C:\laragon\bin\nodejs\node-v12;C:\laragon\bin\notepad++;C:\laragon\bin\php\php746;C:\laragon\bin\putty;C:\laragon\bin\redis\redis-x64-3.2.100;C:\laragon\bin\telnet;C:\laragon\usr\bin;C:\Users\Rafael Pereira\AppData\Local\Yarn\config\global\node_modules\.bin;C:\Users\Rafael Pereira\AppData\Roaming\Composer\vendor\bin;C:\Users\Rafael Pereira\AppData\Local\Microsoft\WindowsApps;C:\Users\Rafael Pereira\AppData\Local\Programs\Microsoft VS Code\bin;C:\Users\Rafael Pereira\AppData\Local\GitHubDesktop\bin;C:\Users\Rafael Pereira\AppData\Roaming\npm
OS=Windows_NT
PROCESSOR_IDENTIFIER=Intel64 Family 6 Model 142 Stepping 9, GenuineIntel



---------------  S Y S T E M  ---------------

OS: Windows 10 , 64 bit Build 19041 (10.0.19041.928)
OS uptime: 0 days 5:18 hours

CPU:total 4 (initial active 4) (2 cores per cpu, 2 threads per core) family 6 model 142 stepping 9, cmov, cx8, fxsr, mmx, sse, sse2, sse3, ssse3, sse4.1, sse4.2, popcnt, avx, avx2, aes, clmul, erms, rtm, 3dnowpref, lzcnt, ht, tsc, tscinvbit, bmi1, bmi2, adx, fma

Memory: 4k page, system-wide physical 8057M (866M free)
TotalPageFile size 12151M (AvailPageFile size 2M)
current process WorkingSet (physical memory assigned to process): 31M, peak: 31M
current process commit charge ("private bytes"): 204M, peak: 204M

vm_info: Java HotSpot(TM) 64-Bit Server VM (14.0.1+7) for windows-amd64 JRE (14.0.1+7), built on Mar  5 2020 10:30:14 by "mach5one" with MS VC++ 15.9 (VS2017)

END.
